2023-11-01 15:09:56,920 - my_logger - DEBUG - Form created
2023-11-01 15:09:59,311 - my_logger - DEBUG - Form created
2023-11-01 15:10:01,366 - my_logger - DEBUG - PlaceForm created
2023-11-01 15:10:04,773 - my_logger - DEBUG - PlaceForm created
2023-11-01 15:10:04,778 - my_logger - ERROR - An error occurred: (sqlite3.IntegrityError) NOT NULL constraint failed: place.user_id
[SQL: INSERT INTO place (user_id, name, location, significance) VALUES (?, ?, ?, ?)]
[parameters: (None, 'Максим', '', '')]
(Background on this error at: https://sqlalche.me/e/20/gkpj)
2023-11-01 15:10:06,592 - my_logger - DEBUG - EventForm created
2023-11-01 15:10:09,646 - my_logger - DEBUG - EventForm created
2023-11-01 15:20:11,644 - my_logger - DEBUG - Form created
2023-11-01 15:20:13,720 - my_logger - DEBUG - Form created
2023-11-01 15:29:20,671 - my_logger - DEBUG - Form created
2023-11-01 15:29:23,405 - my_logger - DEBUG - Form created
2023-11-01 15:30:24,209 - my_logger - DEBUG - Form created
2023-11-01 15:30:35,895 - my_logger - DEBUG - Form created
2023-11-01 15:33:56,289 - my_logger - DEBUG - Form created
2023-11-01 15:34:10,370 - my_logger - DEBUG - Form created
2023-11-01 15:34:11,500 - my_logger - DEBUG - Form created
2023-11-01 15:34:12,072 - my_logger - DEBUG - Form created
2023-11-01 15:34:12,614 - my_logger - DEBUG - Form created
2023-11-01 15:34:13,121 - my_logger - DEBUG - Form created
2023-11-01 15:34:13,650 - my_logger - DEBUG - Form created
2023-11-01 15:34:14,214 - my_logger - DEBUG - Form created
2023-11-01 15:34:15,192 - my_logger - DEBUG - Form created
2023-11-01 15:45:14,456 - my_logger - INFO - User profile accessed successfully
2023-11-01 15:45:15,295 - my_logger - INFO - User logged out successfully
2023-11-01 15:45:18,101 - my_logger - INFO - User logged in successfully
2023-11-01 15:45:18,117 - my_logger - INFO - User profile accessed successfully
2023-11-01 15:45:20,112 - my_logger - DEBUG - Form created
2023-11-01 15:45:23,114 - my_logger - DEBUG - Form created
2023-11-01 15:45:24,550 - my_logger - INFO - User profile accessed successfully
2023-11-01 16:17:48,029 - my_logger - INFO - User profile accessed successfully
2023-11-01 16:17:51,240 - my_logger - DEBUG - PlaceForm created
2023-11-01 16:17:54,604 - my_logger - DEBUG - PlaceForm created
2023-11-01 16:17:54,751 - my_logger - DEBUG - Place created successfully
2023-11-01 16:17:54,752 - my_logger - ERROR - An error occurred: Could not build url for endpoint 'places'. Did you forget to specify values ['username']?
2023-11-01 16:22:50,047 - my_logger - DEBUG - PlaceForm created
2023-11-01 16:22:52,648 - my_logger - DEBUG - PlaceForm created
2023-11-01 16:22:52,819 - my_logger - DEBUG - Place created successfully
2023-11-01 16:22:52,820 - my_logger - ERROR - An error occurred: Could not build url for endpoint 'places'. Did you forget to specify values ['username']?
2023-11-01 16:22:57,574 - my_logger - DEBUG - EventForm created
2023-11-01 16:22:59,465 - my_logger - DEBUG - EventForm created
2023-11-01 16:23:02,377 - my_logger - INFO - User profile accessed successfully
2023-11-01 16:29:31,613 - my_logger - INFO - User profile accessed successfully
2023-11-01 16:29:39,457 - my_logger - DEBUG - PlaceForm created
2023-11-01 16:29:42,102 - my_logger - DEBUG - PlaceForm created
2023-11-01 16:29:42,259 - my_logger - DEBUG - Place created successfully
2023-11-01 16:29:42,260 - my_logger - ERROR - An error occurred: Could not build url for endpoint 'places'. Did you forget to specify values ['username']?
2023-11-01 16:29:46,583 - my_logger - DEBUG - Form created
2023-11-01 16:29:48,798 - my_logger - DEBUG - Form created
2023-11-01 16:33:41,672 - my_logger - INFO - User profile accessed successfully
2023-11-01 16:33:43,487 - my_logger - DEBUG - Form created
2023-11-01 16:33:51,598 - my_logger - DEBUG - Form created
2023-11-01 16:34:00,782 - my_logger - DEBUG - PlaceForm created
2023-11-01 16:34:03,244 - my_logger - DEBUG - PlaceForm created
2023-11-01 16:34:03,383 - my_logger - DEBUG - Place created successfully
2023-11-01 16:34:03,384 - my_logger - ERROR - An error occurred: Could not build url for endpoint 'places'. Did you forget to specify values ['username']?
2023-11-01 16:34:08,405 - my_logger - DEBUG - EventForm created
2023-11-01 16:34:15,591 - my_logger - DEBUG - EventForm created
2023-11-01 16:34:15,731 - my_logger - DEBUG - Event created successfully
2023-11-01 16:34:15,732 - my_logger - ERROR - An error occurred: Could not build url for endpoint 'events'. Did you forget to specify values ['username']?
2023-11-01 16:39:49,461 - my_logger - DEBUG - PlaceForm created
2023-11-01 16:39:54,128 - my_logger - DEBUG - PlaceForm created
2023-11-01 16:39:54,265 - my_logger - DEBUG - Place created successfully
2023-11-01 16:39:54,266 - my_logger - ERROR - An error occurred: Could not build url for endpoint 'places'. Did you forget to specify values ['username']?
2023-11-01 16:43:51,512 - my_logger - INFO - User profile accessed successfully
2023-11-01 16:43:53,615 - my_logger - DEBUG - Form created
2023-11-01 16:44:02,341 - my_logger - DEBUG - Form created
2023-11-01 16:44:06,793 - my_logger - DEBUG - PlaceForm created
2023-11-01 16:44:09,198 - my_logger - DEBUG - PlaceForm created
2023-11-01 16:44:09,361 - my_logger - DEBUG - Place created successfully
2023-11-01 16:44:09,362 - my_logger - ERROR - An error occurred: Could not build url for endpoint 'places'. Did you forget to specify values ['username']?
2023-11-01 16:45:59,015 - my_logger - DEBUG - Form created
2023-11-01 16:46:04,924 - my_logger - DEBUG - Form created
2023-11-01 16:46:08,784 - my_logger - DEBUG - PlaceForm created
2023-11-01 16:46:12,012 - my_logger - DEBUG - PlaceForm created
2023-11-01 16:46:12,193 - my_logger - DEBUG - Place created successfully
2023-11-01 16:46:15,789 - my_logger - DEBUG - EventForm created
2023-11-01 16:46:20,820 - my_logger - DEBUG - EventForm created
2023-11-01 16:46:20,965 - my_logger - DEBUG - Event created successfully
2023-11-01 16:46:28,519 - my_logger - DEBUG - Form created
2023-11-01 16:46:32,278 - my_logger - DEBUG - Form created
2023-11-01 16:51:22,683 - my_logger - INFO - User profile accessed successfully
2023-11-01 16:51:24,477 - my_logger - DEBUG - PersonForm created
2023-11-01 16:51:29,800 - my_logger - DEBUG - PersonForm created
2023-11-01 16:51:46,315 - my_logger - DEBUG - PersonForm created
2023-11-01 16:51:47,098 - my_logger - DEBUG - PersonForm created
2023-11-01 16:51:47,806 - my_logger - DEBUG - PersonForm created
2023-11-01 16:51:48,447 - my_logger - DEBUG - PersonForm created
2023-11-01 16:51:49,032 - my_logger - DEBUG - PersonForm created
2023-11-01 16:51:49,579 - my_logger - DEBUG - PersonForm created
2023-11-01 16:51:50,150 - my_logger - DEBUG - PersonForm created
2023-11-01 16:51:50,958 - my_logger - DEBUG - PersonForm created
2023-11-01 16:51:51,568 - my_logger - DEBUG - PersonForm created
2023-11-01 16:51:52,157 - my_logger - DEBUG - PersonForm created
2023-11-01 16:51:52,735 - my_logger - DEBUG - PersonForm created
2023-11-01 16:51:53,373 - my_logger - DEBUG - PersonForm created
2023-11-01 16:51:54,029 - my_logger - DEBUG - PersonForm created
2023-11-01 16:51:54,948 - my_logger - DEBUG - PersonForm created
2023-11-01 16:51:56,380 - my_logger - DEBUG - PersonForm created
2023-11-01 16:56:14,352 - my_logger - INFO - User logged out successfully
2023-11-01 16:56:25,530 - my_logger - INFO - User logged in successfully
2023-11-01 16:56:25,548 - my_logger - INFO - User profile accessed successfully
2023-11-01 16:56:28,599 - my_logger - DEBUG - PersonForm created
2023-11-01 16:56:32,642 - my_logger - DEBUG - PersonForm created
2023-11-01 16:56:37,066 - my_logger - INFO - User logged out successfully
2023-11-01 17:01:28,963 - my_logger - INFO - User logged in successfully
2023-11-01 17:01:28,978 - my_logger - INFO - User profile accessed successfully
2023-11-01 17:01:31,443 - my_logger - DEBUG - EventForm created
2023-11-01 17:01:41,682 - my_logger - DEBUG - EventForm created
2023-11-01 17:01:41,885 - my_logger - DEBUG - Event created successfully
2023-11-01 17:16:25,286 - my_logger - DEBUG - PersonForm created
2023-11-01 17:16:31,087 - my_logger - DEBUG - PersonForm created
2023-11-01 17:20:34,000 - my_logger - DEBUG - PersonForm created
2023-11-01 17:20:40,559 - my_logger - DEBUG - PersonForm created
2023-11-01 17:20:42,560 - my_logger - DEBUG - PersonForm created
2023-11-01 17:20:43,412 - my_logger - DEBUG - PersonForm created
2023-11-01 17:20:43,893 - my_logger - DEBUG - PersonForm created
2023-11-01 17:20:44,132 - my_logger - DEBUG - PersonForm created
2023-11-01 17:20:44,551 - my_logger - DEBUG - PersonForm created
2023-11-01 17:20:47,822 - my_logger - DEBUG - PlaceForm created
2023-11-01 17:20:50,093 - my_logger - DEBUG - PlaceForm created
2023-11-01 17:20:50,256 - my_logger - DEBUG - Place created successfully
2023-11-01 17:22:14,383 - my_logger - DEBUG - PersonForm created
2023-11-01 17:22:19,126 - my_logger - DEBUG - PersonForm created
2023-11-01 17:33:53,374 - my_logger - DEBUG - PersonForm created
2023-11-01 17:34:02,543 - my_logger - INFO - User profile accessed successfully
2023-11-01 17:34:06,005 - my_logger - DEBUG - PersonForm created
2023-11-01 17:34:12,333 - my_logger - DEBUG - PersonForm created
2023-11-01 17:36:57,242 - my_logger - DEBUG - PersonForm created
2023-11-01 17:36:58,266 - my_logger - DEBUG - PersonForm created
2023-11-01 17:36:58,889 - my_logger - DEBUG - PersonForm created
2023-11-01 17:36:59,465 - my_logger - DEBUG - PersonForm created
2023-11-01 17:36:59,956 - my_logger - DEBUG - PersonForm created
2023-11-01 17:37:00,413 - my_logger - DEBUG - PersonForm created
2023-11-01 17:37:04,056 - my_logger - DEBUG - EventForm created
2023-11-01 17:37:10,195 - my_logger - DEBUG - EventForm created
2023-11-01 17:37:10,397 - my_logger - DEBUG - Event created successfully
2023-11-01 17:37:12,148 - my_logger - DEBUG - EventForm created
2023-11-01 17:37:18,741 - my_logger - DEBUG - EventForm created
2023-11-01 17:37:18,905 - my_logger - DEBUG - Event created successfully
2023-11-01 17:38:11,513 - my_logger - DEBUG - PlaceForm created
2023-11-01 17:38:16,804 - my_logger - DEBUG - PlaceForm created
2023-11-01 17:38:16,963 - my_logger - DEBUG - Place created successfully
2023-11-01 17:38:23,381 - my_logger - DEBUG - EventForm created
2023-11-01 17:38:25,797 - my_logger - DEBUG - PersonForm created
2023-11-01 17:38:27,861 - my_logger - DEBUG - EventForm created
2023-11-01 17:38:30,029 - my_logger - DEBUG - PlaceForm created
2023-11-01 17:38:32,082 - my_logger - DEBUG - PersonForm created
2023-11-01 17:39:09,512 - my_logger - DEBUG - PersonForm created
2023-11-01 17:39:16,742 - my_logger - DEBUG - PersonForm created
2023-11-01 17:39:16,937 - my_logger - DEBUG - Person created successfully
2023-11-01 17:39:22,394 - my_logger - DEBUG - PersonForm created
2023-11-01 17:39:31,064 - my_logger - DEBUG - PersonForm created
2023-11-01 17:39:31,195 - my_logger - DEBUG - Person created successfully
2023-11-01 17:44:43,858 - my_logger - INFO - User profile accessed successfully
2023-11-01 17:44:47,850 - my_logger - DEBUG - PersonForm created
2023-11-01 17:44:54,637 - my_logger - DEBUG - PersonForm created
2023-11-01 17:44:58,891 - my_logger - DEBUG - PersonForm created
2023-11-01 17:44:59,082 - my_logger - DEBUG - Person created successfully
2023-11-01 17:51:00,461 - my_logger - DEBUG - PersonForm created
2023-11-01 17:51:02,461 - my_logger - DEBUG - PersonForm created
2023-11-01 17:51:49,472 - my_logger - DEBUG - PersonForm created
2023-11-01 17:51:50,433 - my_logger - DEBUG - PersonForm created
2023-11-01 17:51:51,138 - my_logger - DEBUG - PersonForm created
2023-11-01 17:54:57,647 - my_logger - DEBUG - PersonForm created
2023-11-01 17:55:01,016 - my_logger - DEBUG - PersonForm created
2023-11-01 17:55:06,304 - my_logger - DEBUG - PersonForm created
2023-11-01 17:55:08,642 - my_logger - DEBUG - PersonForm created
2023-11-01 17:55:09,956 - my_logger - DEBUG - PersonForm created
2023-11-01 17:55:10,832 - my_logger - DEBUG - PersonForm created
2023-11-01 17:55:11,508 - my_logger - DEBUG - PersonForm created
2023-11-01 17:55:12,002 - my_logger - DEBUG - PersonForm created
2023-11-01 17:55:12,509 - my_logger - DEBUG - PersonForm created
2023-11-01 17:55:20,815 - my_logger - INFO - User logged out successfully
2023-11-01 17:57:04,533 - my_logger - INFO - User logged in successfully
2023-11-01 17:57:04,551 - my_logger - INFO - User profile accessed successfully
2023-11-01 17:57:19,974 - my_logger - DEBUG - PersonForm created
2023-11-01 17:57:22,055 - my_logger - DEBUG - PersonForm created
2023-11-01 18:03:33,571 - my_logger - INFO - User profile accessed successfully
2023-11-01 18:03:35,418 - my_logger - DEBUG - PersonForm created
2023-11-01 18:03:37,698 - my_logger - DEBUG - PersonForm created
2023-11-01 18:07:20,815 - my_logger - INFO - User profile accessed successfully
2023-11-01 18:07:22,943 - my_logger - DEBUG - PersonForm created
2023-11-01 18:07:25,299 - my_logger - DEBUG - PersonForm created
2023-11-01 18:07:25,452 - my_logger - DEBUG - Person created successfully
2023-11-01 18:07:29,678 - my_logger - DEBUG - PersonForm created
2023-11-01 18:07:35,936 - my_logger - DEBUG - PersonForm created
2023-11-01 18:07:36,097 - my_logger - DEBUG - Person created successfully
2023-11-01 18:08:56,546 - my_logger - DEBUG - PersonForm created
2023-11-01 18:08:59,308 - my_logger - DEBUG - PersonForm created
2023-11-01 18:08:59,988 - my_logger - DEBUG - Person created successfully
2023-11-01 18:09:39,491 - my_logger - DEBUG - PersonForm created
2023-11-01 18:12:58,053 - my_logger - DEBUG - EventForm created
2023-11-01 18:13:40,102 - my_logger - DEBUG - EventForm created
2023-11-01 18:13:50,836 - my_logger - DEBUG - EventForm created
2023-11-01 18:14:16,825 - my_logger - DEBUG - EventForm created
2023-11-01 18:14:16,981 - my_logger - DEBUG - Event created successfully
2023-11-01 18:14:23,763 - my_logger - DEBUG - EventForm created
2023-11-01 18:14:25,004 - my_logger - DEBUG - EventForm created
2023-11-01 18:14:27,081 - my_logger - DEBUG - EventForm created
2023-11-01 18:18:10,080 - my_logger - INFO - User logged out successfully
2023-11-01 18:18:17,174 - my_logger - INFO - User logged in successfully
2023-11-01 18:18:17,189 - my_logger - INFO - User profile accessed successfully
2023-11-01 18:31:57,895 - my_logger - INFO - User profile accessed successfully
2023-11-01 18:31:59,616 - my_logger - INFO - User logged out successfully
2023-11-01 18:32:02,448 - my_logger - INFO - User logged in successfully
2023-11-01 18:32:02,466 - my_logger - INFO - User profile accessed successfully
2023-11-01 18:36:38,048 - my_logger - INFO - User logged out successfully
2023-11-01 18:36:42,710 - my_logger - INFO - User logged in successfully
2023-11-01 18:36:42,725 - my_logger - INFO - User profile accessed successfully
2023-11-01 18:36:46,435 - my_logger - DEBUG - EventForm created
2023-11-01 18:36:50,045 - my_logger - DEBUG - PlaceForm created
2023-11-01 18:36:52,594 - my_logger - DEBUG - PersonForm created
2023-11-01 18:36:58,342 - my_logger - DEBUG - PlaceForm created
2023-11-01 18:37:00,169 - my_logger - DEBUG - PersonForm created
2023-11-01 18:37:09,810 - my_logger - INFO - User logged out successfully
2023-11-01 18:37:13,821 - my_logger - INFO - User logged in successfully
2023-11-01 18:37:13,838 - my_logger - INFO - User profile accessed successfully
2023-11-01 19:03:41,667 - my_logger - INFO - User logged out successfully
2023-11-01 19:03:44,279 - my_logger - INFO - User logged in successfully
2023-11-01 19:03:44,298 - my_logger - INFO - User profile accessed successfully
2023-11-01 19:07:18,413 - my_logger - INFO - User logged out successfully
2023-11-01 19:07:21,061 - my_logger - INFO - User logged in successfully
2023-11-01 19:07:21,078 - my_logger - INFO - User profile accessed successfully
2023-11-01 19:36:42,041 - my_logger - INFO - User profile accessed successfully
2023-11-01 19:41:25,058 - my_logger - INFO - User logged out successfully
2023-11-01 19:41:27,783 - my_logger - INFO - User logged in successfully
2023-11-01 19:41:27,802 - my_logger - INFO - User profile accessed successfully
2023-11-01 19:53:43,504 - my_logger - INFO - User profile accessed successfully
2023-11-01 21:24:32,608 - my_logger - INFO - User profile accessed successfully
2023-11-01 23:28:18,690 - my_logger - INFO - User profile accessed successfully
2023-11-01 23:29:19,778 - my_logger - INFO - User profile accessed successfully
2023-11-01 23:30:04,729 - my_logger - INFO - User profile accessed successfully
2023-11-01 23:30:34,848 - my_logger - INFO - User profile accessed successfully
2023-11-01 23:31:42,746 - my_logger - INFO - User profile accessed successfully
2023-11-01 23:32:22,873 - my_logger - INFO - User profile accessed successfully
2023-11-01 23:34:42,310 - my_logger - INFO - User profile accessed successfully
2023-11-01 23:57:34,886 - my_logger - INFO - User logged out successfully
2023-11-01 23:57:37,566 - my_logger - INFO - User logged in successfully
2023-11-01 23:57:37,584 - my_logger - INFO - User profile accessed successfully
2023-11-02 00:22:50,866 - my_logger - INFO - User profile accessed successfully
2023-11-02 00:23:19,092 - my_logger - INFO - User logged out successfully
2023-11-02 00:23:21,614 - my_logger - INFO - User logged in successfully
2023-11-02 00:23:21,632 - my_logger - INFO - User profile accessed successfully
2023-11-02 00:24:26,701 - my_logger - DEBUG - EventForm created
2023-11-02 03:37:45,595 - my_logger - INFO - User logged in successfully
2023-11-02 03:37:45,616 - my_logger - INFO - User profile accessed successfully
2023-11-02 04:10:00,471 - my_logger - INFO - User logged out successfully
2023-11-02 04:10:03,326 - my_logger - INFO - User logged in successfully
2023-11-02 04:10:03,341 - my_logger - INFO - User profile accessed successfully
2023-11-02 04:58:06,620 - my_logger - INFO - User profile accessed successfully
2023-11-02 04:58:13,325 - my_logger - DEBUG - PersonForm created
2023-11-02 04:58:19,105 - my_logger - DEBUG - PersonForm created
2023-11-02 04:58:23,315 - my_logger - DEBUG - PersonForm created
2023-11-02 04:58:23,489 - my_logger - DEBUG - Person created successfully
2023-11-02 05:00:37,995 - my_logger - DEBUG - PersonForm created
2023-11-02 05:00:44,737 - my_logger - DEBUG - PersonForm created
2023-11-02 05:05:36,096 - my_logger - DEBUG - PersonForm created
2023-11-02 05:05:40,371 - my_logger - DEBUG - PersonForm created
2023-11-02 05:05:45,695 - my_logger - DEBUG - PersonForm created
2023-11-02 05:06:50,571 - my_logger - DEBUG - PersonForm created
2023-11-02 05:06:53,245 - my_logger - DEBUG - PersonForm created
2023-11-02 05:06:53,974 - my_logger - DEBUG - Person created successfully
2023-11-02 05:06:54,911 - my_logger - DEBUG - PersonForm created
2023-11-02 05:06:56,566 - my_logger - DEBUG - PersonForm created
2023-11-02 05:06:56,745 - my_logger - DEBUG - Person created successfully
2023-11-02 05:06:57,653 - my_logger - DEBUG - PersonForm created
2023-11-02 05:06:59,178 - my_logger - DEBUG - PersonForm created
2023-11-02 05:06:59,324 - my_logger - DEBUG - Person created successfully
2023-11-02 05:07:01,282 - my_logger - DEBUG - PersonForm created
2023-11-02 05:07:02,856 - my_logger - DEBUG - PersonForm created
2023-11-02 05:07:02,985 - my_logger - DEBUG - Person created successfully
2023-11-02 05:07:58,316 - my_logger - DEBUG - PersonForm created
2023-11-02 05:08:01,676 - my_logger - DEBUG - PersonForm created
2023-11-02 05:08:01,942 - my_logger - DEBUG - Person created successfully
2023-11-02 05:09:44,021 - my_logger - DEBUG - PersonForm created
2023-11-02 05:11:00,804 - my_logger - DEBUG - PersonForm created
2023-11-02 05:11:03,136 - my_logger - DEBUG - PlaceForm created
2023-11-02 05:11:06,152 - my_logger - DEBUG - EventForm created
2023-11-02 05:11:09,070 - my_logger - DEBUG - PlaceForm created
2023-11-02 05:11:15,656 - my_logger - DEBUG - PlaceForm created
2023-11-02 05:11:17,283 - my_logger - DEBUG - PlaceForm created
2023-11-02 05:11:20,021 - my_logger - DEBUG - EventForm created
2023-11-02 05:11:22,674 - my_logger - DEBUG - PlaceForm created
2023-11-02 05:11:24,979 - my_logger - DEBUG - PersonForm created
2023-11-02 05:11:29,933 - my_logger - DEBUG - PlaceForm created
2023-11-02 05:11:50,529 - my_logger - DEBUG - PlaceForm created
2023-11-02 05:11:52,881 - my_logger - DEBUG - EventForm created
2023-11-02 05:11:53,741 - my_logger - INFO - User logged out successfully
2023-11-02 05:15:15,760 - my_logger - INFO - User logged in successfully
2023-11-02 05:15:15,778 - my_logger - INFO - User profile accessed successfully
2023-11-02 05:15:20,802 - my_logger - INFO - User logged out successfully
2023-11-02 05:15:23,768 - my_logger - INFO - User logged in successfully
2023-11-02 05:15:23,790 - my_logger - INFO - User profile accessed successfully
2023-11-02 05:15:26,335 - my_logger - DEBUG - EventForm created
2023-11-02 05:15:32,613 - my_logger - DEBUG - EventForm created
2023-11-02 05:15:32,784 - my_logger - DEBUG - Event created successfully
2023-11-02 05:15:33,957 - my_logger - INFO - User logged out successfully
2023-11-02 05:15:42,840 - my_logger - INFO - User logged in successfully
2023-11-02 05:15:42,862 - my_logger - INFO - User profile accessed successfully
2023-11-02 05:17:24,787 - my_logger - DEBUG - EventForm created
2023-11-02 05:17:29,646 - my_logger - DEBUG - EventForm created
2023-11-02 05:17:29,797 - my_logger - DEBUG - Event created successfully
2023-11-02 05:17:30,494 - my_logger - INFO - User logged out successfully
2023-11-02 05:17:39,721 - my_logger - INFO - User logged in successfully
2023-11-02 05:17:39,738 - my_logger - INFO - User profile accessed successfully
2023-11-02 05:17:48,191 - my_logger - DEBUG - EventForm created
2023-11-02 05:17:59,010 - my_logger - DEBUG - PersonForm created
2023-11-02 05:20:08,297 - my_logger - INFO - User logged out successfully
2023-11-02 05:20:11,979 - my_logger - INFO - User logged in successfully
2023-11-02 05:20:11,995 - my_logger - INFO - User profile accessed successfully
2023-11-02 05:20:14,686 - my_logger - DEBUG - EventForm created
2023-11-02 05:20:18,318 - my_logger - DEBUG - EventForm created
2023-11-02 05:20:18,471 - my_logger - DEBUG - Event created successfully
2023-11-02 05:20:19,186 - my_logger - INFO - User logged out successfully
2023-11-02 05:20:30,018 - my_logger - INFO - User logged in successfully
2023-11-02 05:20:30,039 - my_logger - INFO - User profile accessed successfully
2023-11-02 05:20:47,933 - my_logger - DEBUG - PlaceForm created
2023-11-02 05:21:33,152 - my_logger - DEBUG - PersonForm created
2023-11-02 05:21:35,153 - my_logger - DEBUG - PlaceForm created
2023-11-02 05:21:37,397 - my_logger - DEBUG - EventForm created
2023-11-02 05:29:31,754 - my_logger - DEBUG - PersonForm created
2023-11-02 05:29:34,875 - my_logger - DEBUG - PlaceForm created
2023-11-02 05:29:39,223 - my_logger - DEBUG - EventForm created
2023-11-02 05:29:46,450 - my_logger - DEBUG - PersonForm created
2023-11-02 05:32:46,367 - my_logger - DEBUG - EventForm created
2023-11-02 05:32:48,604 - my_logger - DEBUG - PlaceForm created
2023-11-02 05:32:52,347 - my_logger - DEBUG - PersonForm created
2023-11-02 05:33:21,404 - my_logger - DEBUG - PersonForm created
2023-11-02 06:02:53,703 - my_logger - INFO - User profile accessed successfully
2023-11-02 06:02:56,899 - my_logger - DEBUG - PersonForm created
2023-11-02 06:12:43,149 - my_logger - DEBUG - PersonForm created
2023-11-02 06:13:18,160 - my_logger - DEBUG - PersonForm created
2023-11-02 06:13:20,878 - my_logger - DEBUG - PersonForm created
2023-11-02 06:16:53,111 - my_logger - DEBUG - PersonForm created
2023-11-02 06:17:05,579 - my_logger - DEBUG - PersonForm created
2023-11-02 06:18:20,964 - my_logger - DEBUG - PersonForm created
2023-11-02 06:20:01,998 - my_logger - DEBUG - PersonForm created
2023-11-02 07:44:49,766 - my_logger - INFO - User profile accessed successfully
2023-11-02 07:58:48,534 - my_logger - DEBUG - PersonForm created
2023-11-02 07:58:55,905 - my_logger - DEBUG - PersonForm created
2023-11-02 07:58:56,037 - my_logger - DEBUG - Person created successfully
2023-11-02 08:03:07,088 - my_logger - INFO - User profile accessed successfully
2023-11-02 22:27:10,628 - my_logger - INFO - User logged out successfully
2023-11-02 22:27:13,628 - my_logger - INFO - User logged in successfully
2023-11-02 22:27:13,643 - my_logger - INFO - User profile accessed successfully
2023-11-02 23:18:56,844 - my_logger - INFO - User profile accessed successfully
2023-11-02 23:18:58,398 - my_logger - INFO - User logged out successfully
2023-11-02 23:19:08,079 - my_logger - INFO - User logged in successfully
2023-11-02 23:19:08,099 - my_logger - INFO - User profile accessed successfully
2023-11-02 23:23:51,498 - my_logger - INFO - User profile accessed successfully
2023-11-02 23:27:30,870 - my_logger - INFO - User profile accessed successfully
2023-11-02 23:27:52,083 - my_logger - INFO - User profile accessed successfully
2023-11-02 23:29:59,735 - my_logger - INFO - User profile accessed successfully
2023-11-02 23:31:10,026 - my_logger - INFO - User profile accessed successfully
2023-11-02 23:31:15,772 - my_logger - INFO - User profile accessed successfully
2023-11-02 23:31:16,418 - my_logger - INFO - User profile accessed successfully
2023-11-02 23:31:16,942 - my_logger - INFO - User profile accessed successfully
2023-11-02 23:31:17,398 - my_logger - INFO - User profile accessed successfully
2023-11-02 23:31:19,270 - my_logger - INFO - User profile accessed successfully
2023-11-02 23:34:26,040 - my_logger - INFO - User profile accessed successfully
2023-11-02 23:51:44,775 - my_logger - INFO - User profile accessed successfully
2023-11-02 23:58:51,746 - my_logger - INFO - User profile accessed successfully
2023-11-03 00:21:05,954 - my_logger - INFO - User profile accessed successfully
2023-11-03 00:25:48,383 - my_logger - INFO - User profile accessed successfully
2023-11-03 00:46:29,368 - my_logger - INFO - User profile accessed successfully
2023-11-03 01:55:49,184 - my_logger - INFO - User logged in successfully
2023-11-03 01:55:49,204 - my_logger - INFO - User profile accessed successfully
2023-11-03 02:05:07,111 - my_logger - INFO - User profile accessed successfully
2023-11-03 02:06:19,902 - my_logger - INFO - User logged out successfully
2023-11-03 02:06:45,270 - my_logger - INFO - User logged in successfully
2023-11-03 02:06:45,288 - my_logger - INFO - User profile accessed successfully
2023-11-03 02:12:03,497 - my_logger - INFO - User profile accessed successfully
2023-11-03 02:12:07,451 - my_logger - INFO - User profile accessed successfully
2023-11-03 02:12:09,908 - my_logger - INFO - User profile accessed successfully
2023-11-03 02:12:13,147 - my_logger - INFO - User profile accessed successfully
2023-11-03 02:52:21,341 - my_logger - INFO - User logged out successfully
2023-11-03 02:52:36,857 - my_logger - INFO - User registered successfully
2023-11-03 02:52:39,443 - my_logger - INFO - User logged in successfully
2023-11-03 02:52:39,464 - my_logger - INFO - User profile accessed successfully
2023-11-03 03:45:29,249 - my_logger - INFO - User logged out successfully
2023-11-03 03:45:34,285 - my_logger - INFO - User logged in successfully
2023-11-03 03:45:34,302 - my_logger - INFO - User profile accessed successfully
2023-11-03 05:34:59,986 - my_logger - INFO - User logged out successfully
2023-11-03 05:35:12,924 - my_logger - INFO - User logged in successfully
2023-11-03 05:35:12,947 - my_logger - INFO - User profile accessed successfully
2023-11-03 05:35:20,664 - my_logger - INFO - User logged out successfully
2023-11-03 05:35:25,751 - my_logger - INFO - User logged in successfully
2023-11-03 05:35:25,772 - my_logger - INFO - User profile accessed successfully
2023-11-03 05:35:33,313 - my_logger - INFO - User logged out successfully
2023-11-03 05:35:56,140 - my_logger - INFO - User logged in successfully
2023-11-03 05:35:56,158 - my_logger - INFO - User profile accessed successfully
2023-11-03 05:36:09,554 - my_logger - INFO - User logged out successfully
2023-11-03 05:36:53,045 - my_logger - INFO - User logged in successfully
2023-11-03 05:36:53,074 - my_logger - INFO - User profile accessed successfully
2023-11-03 05:37:00,159 - my_logger - INFO - User logged out successfully
2023-11-03 05:37:03,976 - my_logger - INFO - User logged in successfully
2023-11-03 05:37:03,999 - my_logger - INFO - User profile accessed successfully
2023-11-03 05:37:11,968 - my_logger - INFO - User logged out successfully
2023-11-03 05:37:33,361 - my_logger - INFO - User logged in successfully
2023-11-03 05:37:33,379 - my_logger - INFO - User profile accessed successfully
2023-11-03 05:49:09,665 - my_logger - INFO - User logged out successfully
2023-11-03 05:49:48,355 - my_logger - INFO - User logged in successfully
2023-11-03 05:49:48,381 - my_logger - INFO - User profile accessed successfully
2023-11-03 05:55:31,920 - my_logger - INFO - User logged out successfully
2023-11-03 06:01:16,997 - my_logger - INFO - User logged in successfully
2023-11-03 06:01:17,014 - my_logger - INFO - User profile accessed successfully
2023-11-03 06:35:19,476 - my_logger - INFO - User logged out successfully
2023-11-03 06:35:23,966 - my_logger - INFO - User logged in successfully
2023-11-03 06:35:23,984 - my_logger - INFO - User profile accessed successfully
2023-11-03 06:48:49,092 - my_logger - INFO - User profile accessed successfully
2023-11-03 06:57:52,364 - my_logger - INFO - User profile accessed successfully
2023-11-03 07:03:35,623 - my_logger - INFO - User profile accessed successfully
2023-11-03 07:03:40,915 - my_logger - INFO - User profile accessed successfully
2023-11-03 17:05:37,958 - my_logger - INFO - User logged in successfully
2023-11-03 17:05:37,979 - my_logger - INFO - User profile accessed successfully
2023-11-03 17:24:13,443 - my_logger - INFO - User profile accessed successfully
2023-11-03 20:21:10,045 - my_logger - INFO - User logged out successfully
2023-11-03 20:28:19,972 - my_logger - INFO - User logged in successfully
2023-11-03 20:28:19,996 - my_logger - INFO - User profile accessed successfully
2023-11-03 20:28:43,006 - my_logger - INFO - User profile accessed successfully
2023-11-03 20:35:23,903 - my_logger - INFO - User profile accessed successfully
2023-11-03 20:38:27,954 - my_logger - INFO - User logged out successfully
2023-11-03 20:38:31,778 - my_logger - INFO - User logged in successfully
2023-11-03 20:38:31,797 - my_logger - INFO - User profile accessed successfully
2023-11-03 20:39:09,958 - my_logger - INFO - User logged out successfully
2023-11-03 20:39:15,934 - my_logger - INFO - User logged in successfully
2023-11-03 20:39:15,951 - my_logger - INFO - User profile accessed successfully
2023-11-03 20:40:20,736 - my_logger - INFO - User profile accessed successfully
2023-11-03 22:03:18,099 - my_logger - INFO - User profile accessed successfully
2023-11-03 23:05:40,500 - my_logger - INFO - User profile accessed successfully
2023-11-04 00:17:16,352 - my_logger - INFO - User profile accessed successfully
2023-11-04 00:17:22,510 - my_logger - INFO - User profile accessed successfully
2023-11-04 04:16:43,959 - my_logger - INFO - User profile accessed successfully
2023-11-04 04:44:22,888 - my_logger - INFO - User profile accessed successfully
2023-11-04 04:44:26,488 - my_logger - INFO - User profile accessed successfully
2023-11-04 04:56:04,873 - my_logger - INFO - User logged out successfully
2023-11-04 04:56:08,803 - my_logger - INFO - User logged in successfully
2023-11-04 04:56:08,820 - my_logger - INFO - User profile accessed successfully
2023-11-04 05:10:38,191 - my_logger - INFO - User profile accessed successfully
2023-11-04 06:17:13,050 - my_logger - INFO - User profile accessed successfully
2023-11-04 06:24:39,984 - my_logger - INFO - User profile accessed successfully
2023-11-04 15:39:32,580 - my_logger - INFO - User logged in successfully
2023-11-04 15:39:32,603 - my_logger - INFO - User profile accessed successfully
2023-11-04 16:40:53,002 - my_logger - INFO - User profile accessed successfully
2023-11-04 17:01:58,441 - my_logger - INFO - User profile accessed successfully
2023-11-04 17:02:14,230 - my_logger - INFO - User profile accessed successfully
2023-11-04 17:08:55,901 - my_logger - INFO - User profile accessed successfully
2023-11-04 17:08:58,574 - my_logger - INFO - User profile accessed successfully
2023-11-04 17:09:00,514 - my_logger - INFO - User profile accessed successfully
2023-11-04 17:09:07,971 - my_logger - INFO - User profile accessed successfully
2023-11-04 17:09:09,285 - my_logger - INFO - User profile accessed successfully
2023-11-04 17:09:17,378 - my_logger - INFO - User profile accessed successfully
2023-11-04 17:09:22,747 - my_logger - INFO - User profile accessed successfully
2023-11-04 17:09:49,599 - my_logger - INFO - User profile accessed successfully
2023-11-04 17:09:50,709 - my_logger - INFO - User profile accessed successfully
2023-11-04 17:09:56,341 - my_logger - INFO - User profile accessed successfully
2023-11-04 17:10:02,209 - my_logger - INFO - User profile accessed successfully
2023-11-05 19:32:12,216 - my_logger - INFO - User logged in successfully
2023-11-05 19:32:12,240 - my_logger - INFO - User profile accessed successfully
2023-11-05 19:32:14,442 - my_logger - INFO - User profile accessed successfully
2023-11-05 19:32:16,657 - my_logger - INFO - User profile accessed successfully
2023-11-05 19:32:28,659 - my_logger - INFO - User profile accessed successfully
2023-11-05 19:32:29,862 - my_logger - INFO - User profile accessed successfully
2023-11-05 19:32:36,261 - my_logger - INFO - User profile accessed successfully
2023-11-05 19:32:40,634 - my_logger - INFO - User profile accessed successfully
2023-11-05 19:32:45,989 - my_logger - INFO - User profile accessed successfully
2023-11-05 19:32:56,642 - my_logger - INFO - User profile accessed successfully
2023-11-05 19:32:57,621 - my_logger - INFO - User profile accessed successfully
2023-11-05 19:32:58,346 - my_logger - INFO - User profile accessed successfully
2023-11-05 19:33:02,491 - my_logger - INFO - User profile accessed successfully
2023-11-05 19:33:06,825 - my_logger - INFO - User profile accessed successfully
2023-11-05 19:33:17,951 - my_logger - INFO - User profile accessed successfully
2023-11-05 19:33:18,900 - my_logger - INFO - User profile accessed successfully
2023-11-05 19:34:59,441 - my_logger - INFO - User profile accessed successfully
2023-11-05 19:35:07,289 - my_logger - INFO - User profile accessed successfully
2023-11-05 19:35:26,090 - my_logger - INFO - User profile accessed successfully
2023-11-05 19:35:28,438 - my_logger - INFO - User profile accessed successfully
2023-11-05 19:35:31,527 - my_logger - INFO - User profile accessed successfully
2023-11-05 19:35:36,138 - my_logger - INFO - User profile accessed successfully
2023-11-05 19:35:45,066 - my_logger - INFO - User profile accessed successfully
2023-11-05 19:35:54,032 - my_logger - INFO - User profile accessed successfully
2023-11-05 19:35:59,006 - my_logger - INFO - User profile accessed successfully
2023-11-05 19:36:05,961 - my_logger - INFO - User profile accessed successfully
2023-11-05 19:36:07,669 - my_logger - INFO - User profile accessed successfully
2023-11-05 19:36:12,632 - my_logger - INFO - User profile accessed successfully
2023-11-05 19:36:14,144 - my_logger - INFO - User profile accessed successfully
2023-11-05 19:36:19,280 - my_logger - INFO - User profile accessed successfully
2023-11-05 19:36:27,068 - my_logger - INFO - User profile accessed successfully
2023-11-05 19:36:30,123 - my_logger - INFO - User profile accessed successfully
2023-11-05 19:36:35,439 - my_logger - INFO - User profile accessed successfully
2023-11-05 19:36:37,055 - my_logger - INFO - User profile accessed successfully
2023-11-05 19:39:46,046 - my_logger - INFO - User profile accessed successfully
2023-11-05 19:50:34,881 - my_logger - INFO - User profile accessed successfully
2023-11-05 19:50:41,474 - my_logger - INFO - User profile accessed successfully
2023-11-05 19:50:47,489 - my_logger - INFO - User profile accessed successfully
2023-11-05 19:50:49,166 - my_logger - INFO - User profile accessed successfully
2023-11-05 19:50:50,019 - my_logger - INFO - User profile accessed successfully
2023-11-05 19:51:00,166 - my_logger - INFO - User profile accessed successfully
2023-11-05 19:51:09,082 - my_logger - INFO - User profile accessed successfully
2023-11-05 19:51:19,763 - my_logger - INFO - User profile accessed successfully
2023-11-05 19:51:25,721 - my_logger - INFO - User profile accessed successfully
2023-11-05 19:51:32,138 - my_logger - INFO - User profile accessed successfully
2023-11-05 19:51:41,627 - my_logger - INFO - User profile accessed successfully
2023-11-05 19:51:42,886 - my_logger - INFO - User profile accessed successfully
2023-11-05 19:51:46,837 - my_logger - INFO - User profile accessed successfully
2023-11-05 19:51:48,015 - my_logger - INFO - User profile accessed successfully
2023-11-05 19:51:52,531 - my_logger - INFO - User profile accessed successfully
2023-11-05 19:52:00,772 - my_logger - INFO - User profile accessed successfully
2023-11-05 19:52:04,457 - my_logger - INFO - User profile accessed successfully
2023-11-05 19:52:06,915 - my_logger - INFO - User profile accessed successfully
2023-11-05 19:52:08,387 - my_logger - INFO - User profile accessed successfully
2023-11-05 19:52:11,352 - my_logger - INFO - User profile accessed successfully
2023-11-05 19:58:07,173 - my_logger - INFO - User profile accessed successfully
2023-11-05 19:58:19,232 - my_logger - INFO - User profile accessed successfully
2023-11-05 19:58:21,857 - my_logger - INFO - User profile accessed successfully
2023-11-05 19:58:23,865 - my_logger - INFO - User profile accessed successfully
2023-11-05 19:58:25,779 - my_logger - INFO - User profile accessed successfully
2023-11-05 19:58:28,683 - my_logger - INFO - User profile accessed successfully
2023-11-05 20:02:07,578 - my_logger - INFO - User profile accessed successfully
2023-11-05 20:11:02,497 - my_logger - INFO - User profile accessed successfully
2023-11-05 20:11:03,914 - my_logger - INFO - User profile accessed successfully
2023-11-05 20:11:37,362 - my_logger - INFO - User profile accessed successfully
2023-11-05 20:11:38,590 - my_logger - INFO - User profile accessed successfully
2023-11-05 20:11:43,483 - my_logger - INFO - User profile accessed successfully
2023-11-05 20:11:54,050 - my_logger - INFO - User profile accessed successfully
2023-11-05 20:23:04,613 - my_logger - INFO - User profile accessed successfully
2023-11-05 20:23:06,927 - my_logger - INFO - User profile accessed successfully
2023-11-05 20:23:07,730 - my_logger - INFO - User profile accessed successfully
2023-11-05 20:23:08,368 - my_logger - INFO - User profile accessed successfully
2023-11-05 20:23:08,947 - my_logger - INFO - User profile accessed successfully
2023-11-05 20:23:13,644 - my_logger - INFO - User profile accessed successfully
2023-11-05 20:23:25,173 - my_logger - INFO - User profile accessed successfully
2023-11-05 21:57:24,016 - my_logger - INFO - User profile accessed successfully
2023-11-05 22:00:08,133 - my_logger - INFO - User profile accessed successfully
2023-11-05 22:00:10,210 - my_logger - INFO - User profile accessed successfully
2023-11-05 22:00:12,241 - my_logger - INFO - User profile accessed successfully
2023-11-05 22:00:13,749 - my_logger - INFO - User profile accessed successfully
2023-11-05 22:00:15,379 - my_logger - INFO - User profile accessed successfully
2023-11-05 22:17:53,027 - my_logger - INFO - User profile accessed successfully
2023-11-05 23:14:30,287 - my_logger - INFO - User profile accessed successfully
2023-11-05 23:14:39,927 - my_logger - INFO - User profile accessed successfully
2023-11-05 23:14:45,877 - my_logger - INFO - User profile accessed successfully
2023-11-05 23:14:46,894 - my_logger - INFO - User profile accessed successfully
2023-11-05 23:14:50,445 - my_logger - INFO - User profile accessed successfully
2023-11-05 23:14:54,909 - my_logger - INFO - User profile accessed successfully
2023-11-05 23:15:00,410 - my_logger - INFO - User profile accessed successfully
2023-11-05 23:15:05,186 - my_logger - INFO - User profile accessed successfully
2023-11-05 23:15:08,914 - my_logger - INFO - User profile accessed successfully
2023-11-05 23:15:12,660 - my_logger - INFO - User profile accessed successfully
2023-11-05 23:15:16,226 - my_logger - INFO - User profile accessed successfully
2023-11-05 23:15:20,221 - my_logger - INFO - User profile accessed successfully
2023-11-05 23:15:24,054 - my_logger - INFO - User profile accessed successfully
2023-11-05 23:15:25,289 - my_logger - INFO - User profile accessed successfully
2023-11-05 23:15:26,724 - my_logger - INFO - User profile accessed successfully
2023-11-05 23:15:32,063 - my_logger - INFO - User profile accessed successfully
2023-11-05 23:15:35,863 - my_logger - INFO - User profile accessed successfully
2023-11-05 23:15:38,988 - my_logger - INFO - User profile accessed successfully
2023-11-05 23:17:31,738 - my_logger - INFO - User profile accessed successfully
2023-11-05 23:17:33,927 - my_logger - INFO - User profile accessed successfully
2023-11-05 23:19:50,987 - my_logger - INFO - User profile accessed successfully
2023-11-05 23:19:52,576 - my_logger - INFO - User profile accessed successfully
2023-11-05 23:19:56,163 - my_logger - INFO - User profile accessed successfully
2023-11-05 23:20:01,621 - my_logger - INFO - User profile accessed successfully
2023-11-05 23:20:10,214 - my_logger - INFO - User profile accessed successfully
2023-11-05 23:21:24,658 - my_logger - INFO - User profile accessed successfully
2023-11-05 23:23:58,764 - my_logger - INFO - User profile accessed successfully
